Using pre-set license
Built from '2020.3/staging' branch; Version is '2020.3.10f1 (297d780c91bc) revision 2719096'; Using compiler version '192528614'; Build Type 'Release'
OS: 'Windows 10 Home Single Language; OS build 19042.1052; Version 2009; 64bit' Language: 'en' Physical Memory: 6058 MB
BatchMode: 1, IsHumanControllingUs: 0, StartBugReporterOnCrash: 0, Is64bit: 1, IsPro: 0

 COMMAND LINE ARGUMENTS:
D:\Unity2020\Unity\Editor\Unity.exe
-adb2
-batchMode
-noUpm
-name
AssetImportWorker0
-projectPath
D:/UnityProject/FlappyBird
-logFile
Logs/AssetImportWorker0.log
-srvPort
50218
Successfully changed project path to: D:/UnityProject/FlappyBird
D:/UnityProject/FlappyBird
Using Asset Import Pipeline V2.
Refreshing native plugins compatible for Editor in 113.12 ms, found 3 plugins.
Preloading 0 native plugins for Editor in 0.00 ms.
Initialize engine version: 2020.3.10f1 (297d780c91bc)
[Subsystems] Discovering subsystems at path D:/Unity2020/Unity/Editor/Data/Resources/UnitySubsystems
[Subsystems] Discovering subsystems at path D:/UnityProject/FlappyBird/Assets
GfxDevice: creating device client; threaded=0
Direct3D:
    Version:  Direct3D 11.0 [level 11.1]
    Renderer: AMD Radeon(TM) Vega 3 Graphics (ID=0x15d8)
    Vendor:   
    VRAM:     3029 MB
    Driver:   26.20.11008.3003
Initialize mono
Mono path[0] = 'D:/Unity2020/Unity/Editor/Data/Managed'
Mono path[1] = 'D:/Unity2020/Unity/Editor/Data/MonoBleedingEdge/lib/mono/unityjit'
Mono config path = 'D:/Unity2020/Unity/Editor/Data/MonoBleedingEdge/etc'
Using monoOptions --debugger-agent=transport=dt_socket,embedding=1,server=y,suspend=n,address=127.0.0.1:56940
Begin MonoManager ReloadAssembly
Registering precompiled unity dll's ...
Register platform support module: D:/Unity2020/Unity/Editor/Data/PlaybackEngines/WindowsStandaloneSupport/UnityEditor.WindowsStandalone.Extensions.dll
Registered in 0.002857 seconds.
Native extension for WindowsStandalone target not found
Refreshing native plugins compatible for Editor in 103.71 ms, found 3 plugins.
Preloading 0 native plugins for Editor in 0.00 ms.
Mono: successfully reloaded assembly
- Completed reload, in  2.695 seconds
Platform modules already initialized, skipping
Registering precompiled user dll's ...
Registered in 0.008500 seconds.
Begin MonoManager ReloadAssembly
Native extension for WindowsStandalone target not found
Refreshing native plugins compatible for Editor in 168.50 ms, found 3 plugins.
Preloading 0 native plugins for Editor in 0.00 ms.
Mono: successfully reloaded assembly
- Completed reload, in  3.153 seconds
Platform modules already initialized, skipping
========================================================================
Worker process is ready to serve import requests
Launched and connected shader compiler UnityShaderCompiler.exe after 0.09 seconds
Refreshing native plugins compatible for Editor in 1.71 ms, found 3 plugins.
Preloading 0 native plugins for Editor in 0.00 ms.
Unloading 2554 Unused Serialized files (Serialized files now loaded: 0)
System memory in use before: 105.5 MB.
System memory in use after: 105.5 MB.

Unloading 69 unused Assets to reduce memory usage. Loaded Objects now: 2955.
Total: 13.119200 ms (FindLiveObjects: 0.686400 ms CreateObjectMapping: 0.159000 ms MarkObjects: 11.916100 ms  DeleteObjects: 0.353700 ms)

========================================================================
Received Import Request.
  path: Assets/Scenes/back.unity
  artifactKey: Guid(1424f27fdad266e4aa4f5534d65ae953) Importer(815301076,1909f56bfc062723c751e8b465ee728b)
Start importing Assets/Scenes/back.unity using Guid(1424f27fdad266e4aa4f5534d65ae953) Importer(815301076,1909f56bfc062723c751e8b465ee728b)  -> (artifact id: '010cdfc6e2fb50e1f7f947b230540d3f') in 0.040673 seconds
  Import took 0.068255 seconds .

========================================================================
Received Import Request.
  Time since last request: 129.168712 seconds.
  path: Assets/Scenes/SampleScene.unity
  artifactKey: Guid(2cda990e2423bbf4892e6590ba056729) Importer(815301076,1909f56bfc062723c751e8b465ee728b)
Start importing Assets/Scenes/SampleScene.unity using Guid(2cda990e2423bbf4892e6590ba056729) Importer(815301076,1909f56bfc062723c751e8b465ee728b)  -> (artifact id: '18c3def558dd599a6b01b9ac996c5317') in 0.008974 seconds
  Import took 0.359259 seconds .

========================================================================
Received Import Request.
  Time since last request: 75.496096 seconds.
  path: Assets/Scenes/SampleScene.unity
  artifactKey: Guid(2cda990e2423bbf4892e6590ba056729) Importer(815301076,1909f56bfc062723c751e8b465ee728b)
Start importing Assets/Scenes/SampleScene.unity using Guid(2cda990e2423bbf4892e6590ba056729) Importer(815301076,1909f56bfc062723c751e8b465ee728b)  -> (artifact id: '1bc8c356e4d615bc04556c26fac68c9e') in 0.016797 seconds
  Import took 0.035127 seconds .

========================================================================
Received Import Request.
  Time since last request: 10.974381 seconds.
  path: Assets/Scenes/back.unity
  artifactKey: Guid(1424f27fdad266e4aa4f5534d65ae953) Importer(815301076,1909f56bfc062723c751e8b465ee728b)
Start importing Assets/Scenes/back.unity using Guid(1424f27fdad266e4aa4f5534d65ae953) Importer(815301076,1909f56bfc062723c751e8b465ee728b)  -> (artifact id: 'd5a7980846d9d9b76221dfec7b6b7b6d') in 0.011964 seconds
  Import took 0.021816 seconds .

========================================================================
Received Prepare
Refreshing native plugins compatible for Editor in 23.08 ms, found 3 plugins.
Preloading 0 native plugins for Editor in 0.00 ms.
Unloading 55 Unused Serialized files (Serialized files now loaded: 0)
System memory in use before: 56.0 MB.
System memory in use after: 56.1 MB.

Unloading 55 unused Assets to reduce memory usage. Loaded Objects now: 2955.
Total: 14.544900 ms (FindLiveObjects: 0.786500 ms CreateObjectMapping: 0.177100 ms MarkObjects: 13.225900 ms  DeleteObjects: 0.351700 ms)

========================================================================
Received Prepare
Registering precompiled user dll's ...
Registered in 0.011164 seconds.
Begin MonoManager ReloadAssembly
Native extension for WindowsStandalone target not found
Refreshing native plugins compatible for Editor in 1.96 ms, found 3 plugins.
Preloading 0 native plugins for Editor in 0.00 ms.
Mono: successfully reloaded assembly
- Completed reload, in  4.560 seconds
Platform modules already initialized, skipping
Switching build target platform(19) subTarget(0) extendedPlatform(0) -> platform(13) subTarget(537395200) extendedPlatform(0)
Refreshing native plugins compatible for Editor in 2.70 ms, found 3 plugins.
Preloading 0 native plugins for Editor in 0.00 ms.
Unloading 2552 Unused Serialized files (Serialized files now loaded: 0)
System memory in use before: 105.5 MB.
System memory in use after: 105.6 MB.

Unloading 58 unused Assets to reduce memory usage. Loaded Objects now: 2958.
Total: 52.963400 ms (FindLiveObjects: 1.486400 ms CreateObjectMapping: 0.755100 ms MarkObjects: 50.015000 ms  DeleteObjects: 0.701800 ms)

AssetImportParameters requested are different than current active one (requested -> active):
  custom:graphics/normal-map-encoding: 01000000000000000000000000000000 -> 02000000000000000000000000000000
========================================================================
Received Prepare
Refreshing native plugins compatible for Editor in 27.72 ms, found 3 plugins.
Preloading 0 native plugins for Editor in 0.00 ms.
Unloading 55 Unused Serialized files (Serialized files now loaded: 0)
System memory in use before: 56.3 MB.
System memory in use after: 56.4 MB.

Unloading 55 unused Assets to reduce memory usage. Loaded Objects now: 2958.
Total: 19.523900 ms (FindLiveObjects: 0.557700 ms CreateObjectMapping: 0.165000 ms MarkObjects: 18.325200 ms  DeleteObjects: 0.471400 ms)

========================================================================
Received Prepare
Refreshing native plugins compatible for Editor in 20.15 ms, found 3 plugins.
Preloading 0 native plugins for Editor in 0.00 ms.
Unloading 55 Unused Serialized files (Serialized files now loaded: 0)
System memory in use before: 56.3 MB.
System memory in use after: 56.4 MB.

Unloading 55 unused Assets to reduce memory usage. Loaded Objects now: 2958.
Total: 12.407600 ms (FindLiveObjects: 1.076200 ms CreateObjectMapping: 0.294400 ms MarkObjects: 10.726300 ms  DeleteObjects: 0.307000 ms)

========================================================================
Received Import Request.
  Time since last request: 2060.408305 seconds.
  path: Assets/Scenes/back.unity
  artifactKey: Guid(1424f27fdad266e4aa4f5534d65ae953) Importer(815301076,1909f56bfc062723c751e8b465ee728b)
Start importing Assets/Scenes/back.unity using Guid(1424f27fdad266e4aa4f5534d65ae953) Importer(815301076,1909f56bfc062723c751e8b465ee728b)  -> (artifact id: '1a4a59eb65e30a199b6e3db12098c8d2') in 0.022963 seconds
  Import took 0.403388 seconds .

========================================================================
Received Import Request.
  Time since last request: 285.638210 seconds.
  path: Assets/Scenes/SampleScene.unity
  artifactKey: Guid(2cda990e2423bbf4892e6590ba056729) Importer(815301076,1909f56bfc062723c751e8b465ee728b)
Start importing Assets/Scenes/SampleScene.unity using Guid(2cda990e2423bbf4892e6590ba056729) Importer(815301076,1909f56bfc062723c751e8b465ee728b)  -> (artifact id: '287f5317a5b9e2eecef578ca2959967f') in 0.024254 seconds
  Import took 0.410487 seconds .

========================================================================
Received Prepare
Registering precompiled user dll's ...
Registered in 0.014608 seconds.
Begin MonoManager ReloadAssembly
Native extension for WindowsStandalone target not found
Refreshing native plugins compatible for Editor in 2.56 ms, found 3 plugins.
Preloading 0 native plugins for Editor in 0.00 ms.
Mono: successfully reloaded assembly
- Completed reload, in  2.497 seconds
Platform modules already initialized, skipping
Switching build target platform(19) subTarget(0) extendedPlatform(0) -> platform(13) subTarget(537395200) extendedPlatform(0)
Refreshing native plugins compatible for Editor in 2.61 ms, found 3 plugins.
Preloading 0 native plugins for Editor in 0.00 ms.
Unloading 2552 Unused Serialized files (Serialized files now loaded: 0)
System memory in use before: 105.6 MB.
System memory in use after: 105.7 MB.

Unloading 58 unused Assets to reduce memory usage. Loaded Objects now: 2961.
Total: 21.240000 ms (FindLiveObjects: 2.441900 ms CreateObjectMapping: 0.800700 ms MarkObjects: 17.660400 ms  DeleteObjects: 0.333200 ms)

AssetImportParameters requested are different than current active one (requested -> active):
  custom:graphics/normal-map-encoding: 01000000000000000000000000000000 -> 02000000000000000000000000000000
========================================================================
Received Import Request.
  Time since last request: 643.874202 seconds.
  path: Assets/backsound.mp3
  artifactKey: Guid(5571d14bdd7f9a9498de792d07f5d4b6) Importer(815301076,1909f56bfc062723c751e8b465ee728b)
Start importing Assets/backsound.mp3 using Guid(5571d14bdd7f9a9498de792d07f5d4b6) Importer(815301076,1909f56bfc062723c751e8b465ee728b)  -> (artifact id: '3c06ce6befb3974d805994df71808588') in 0.468803 seconds
  Import took 0.494788 seconds .

========================================================================
Received Prepare
Registering precompiled user dll's ...
Registered in 0.009863 seconds.
Begin MonoManager ReloadAssembly
Native extension for WindowsStandalone target not found
Refreshing native plugins compatible for Editor in 2.77 ms, found 3 plugins.
Preloading 0 native plugins for Editor in 0.00 ms.
Mono: successfully reloaded assembly
- Completed reload, in  2.813 seconds
Platform modules already initialized, skipping
Switching build target platform(19) subTarget(0) extendedPlatform(0) -> platform(13) subTarget(537395200) extendedPlatform(0)
Refreshing native plugins compatible for Editor in 3.50 ms, found 3 plugins.
Preloading 0 native plugins for Editor in 0.00 ms.
Unloading 2552 Unused Serialized files (Serialized files now loaded: 0)
System memory in use before: 108.6 MB.
System memory in use after: 108.7 MB.

Unloading 58 unused Assets to reduce memory usage. Loaded Objects now: 2973.
Total: 16.305500 ms (FindLiveObjects: 2.892800 ms CreateObjectMapping: 0.784900 ms MarkObjects: 12.308100 ms  DeleteObjects: 0.316400 ms)

AssetImportParameters requested are different than current active one (requested -> active):
  custom:graphics/normal-map-encoding: 01000000000000000000000000000000 -> 02000000000000000000000000000000
